# JRE version: Java(TM) SE Runtime Environment (17.0.12+8) (build 17.0.12+8-LTS-286)
# Java VM: Java HotSpot(TM) 64-Bit Server VM (17.0.12+8-LTS-286, mixed mode, sharing, tiered, compressed oops, compressed class ptrs, g1 gc, windows-amd64)
GC Precious Log:
 CPUs: 12 total, 12 available
 Memory: 7498M
 Large Page Support: Disabled
 NUMA Support: Disabled
 Compressed Oops: Enabled (32-bit)
 Heap Region Size: 1M
 Heap Min Capacity: 8M
 Heap Initial Capacity: 118M
 Heap Max Capacity: 1876M
 Pre-touch: Disabled
 Parallel Workers: 10
 Concurrent Workers: 3
 Concurrent Refinement Workers: 10
 Periodic GC: Disabled
Heap:
 garbage-first heap   total 93184K, used 54996K [0x000000008ac00000, 0x0000000100000000)
  region size 1024K, 1 young (1024K), 1 survivors (1024K)
 Metaspace       used 31100K, committed 31488K, reserved 1114112K
  class space    used 3543K, committed 3712K, reserved 1048576K
GC Heap History (20 events):
Event: 10.784 GC heap after
{Heap after GC invocations=4 (full 0):
 garbage-first heap   total 120832K, used 15480K [0x000000008ac00000, 0x0000000100000000)
  region size 1024K, 4 young (4096K), 4 survivors (4096K)
 Metaspace       used 16463K, committed 16704K, reserved 1114112K
  class space    used 1909K, committed 1984K, reserved 1048576K
}
Event: 12.821 GC heap before
{Heap before GC invocations=4 (full 0):
 garbage-first heap   total 120832K, used 58488K [0x000000008ac00000, 0x0000000100000000)
  region size 1024K, 43 young (44032K), 4 survivors (4096K)
 Metaspace       used 21199K, committed 21504K, reserved 1114112K
  class space    used 2486K, committed 2688K, reserved 1048576K
}
Event: 12.838 GC heap after
{Heap after GC invocations=5 (full 0):
 garbage-first heap   total 120832K, used 25015K [0x000000008ac00000, 0x0000000100000000)
  region size 1024K, 9 young (9216K), 9 survivors (9216K)
 Metaspace       used 21199K, committed 21504K, reserved 1114112K
  class space    used 2486K, committed 2688K, reserved 1048576K
}
Event: 14.505 GC heap before
{Heap before GC invocations=6 (full 0):
 garbage-first heap   total 89088K, used 69047K [0x000000008ac00000, 0x0000000100000000)
  region size 1024K, 52 young (53248K), 9 survivors (9216K)
 Metaspace       used 26199K, committed 26560K, reserved 1114112K
  class space    used 3041K, committed 3200K, reserved 1048576K
}
Event: 14.654 GC heap after
{Heap after GC invocations=7 (full 0):
 garbage-first heap   total 93184K, used 36783K [0x000000008ac00000, 0x0000000100000000)
  region size 1024K, 7 young (7168K), 7 survivors (7168K)
 Metaspace       used 26199K, committed 26560K, reserved 1114112K
  class space    used 3041K, committed 3200K, reserved 1048576K
}
Event: 14.684 GC heap before
{Heap before GC invocations=7 (full 0):
 garbage-first heap   total 93184K, used 37807K [0x000000008ac00000, 0x0000000100000000)
  region size 1024K, 8 young (8192K), 7 survivors (7168K)
 Metaspace       used 26227K, committed 26560K, reserved 1114112K
  class space    used 3041K, committed 3200K, reserved 1048576K
}
Event: 14.693 GC heap after
{Heap after GC invocations=8 (full 0):
 garbage-first heap   total 93184K, used 38400K [0x000000008ac00000, 0x0000000100000000)
  region size 1024K, 1 young (1024K), 1 survivors (1024K)
 Metaspace       used 26227K, committed 26560K, reserved 1114112K
  class space    used 3041K, committed 3200K, reserved 1048576K
}
Event: 16.029 GC heap before
{Heap before GC invocations=8 (full 0):
 garbage-first heap   total 93184K, used 66048K [0x000000008ac00000, 0x0000000100000000)
  region size 1024K, 28 young (28672K), 1 survivors (1024K)
 Metaspace       used 27376K, committed 27776K, reserved 1114112K
  class space    used 3140K, committed 3328K, reserved 1048576K
}
Event: 16.041 GC heap after
{Heap after GC invocations=9 (full 0):
 garbage-first heap   total 93184K, used 42168K [0x000000008ac00000, 0x0000000100000000)
  region size 1024K, 4 young (4096K), 4 survivors (4096K)
 Metaspace       used 27376K, committed 27776K, reserved 1114112K
  class space    used 3140K, committed 3328K, reserved 1048576K
}
Event: 17.214 GC heap before
{Heap before GC invocations=9 (full 0):
 garbage-first heap   total 93184K, used 67768K [0x000000008ac00000, 0x0000000100000000)
  region size 1024K, 29 young (29696K), 4 survivors (4096K)
 Metaspace       used 28650K, committed 28992K, reserved 1114112K
  class space    used 3293K, committed 3456K, reserved 1048576K
}
Event: 17.222 GC heap after
{Heap after GC invocations=10 (full 0):
 garbage-first heap   total 93184K, used 43175K [0x000000008ac00000, 0x0000000100000000)
  region size 1024K, 1 young (1024K), 1 survivors (1024K)
 Metaspace       used 28650K, committed 28992K, reserved 1114112K
  class space    used 3293K, committed 3456K, reserved 1048576K
}
Event: 18.140 GC heap before
{Heap before GC invocations=10 (full 0):
 garbage-first heap   total 93184K, used 69799K [0x000000008ac00000, 0x0000000100000000)
  region size 1024K, 27 young (27648K), 1 survivors (1024K)
 Metaspace       used 29229K, committed 29568K, reserved 1114112K
  class space    used 3320K, committed 3456K, reserved 1048576K
}
Event: 18.145 GC heap after
{Heap after GC invocations=11 (full 0):
 garbage-first heap   total 93184K, used 43266K [0x000000008ac00000, 0x0000000100000000)
  region size 1024K, 1 young (1024K), 1 survivors (1024K)
 Metaspace       used 29229K, committed 29568K, reserved 1114112K
  class space    used 3320K, committed 3456K, reserved 1048576K
}
Event: 19.357 GC heap before
{Heap before GC invocations=12 (full 0):
 garbage-first heap   total 93184K, used 58626K [0x000000008ac00000, 0x0000000100000000)
  region size 1024K, 17 young (17408K), 1 survivors (1024K)
 Metaspace       used 30920K, committed 31296K, reserved 1114112K
  class space    used 3534K, committed 3712K, reserved 1048576K
}
Event: 19.369 GC heap after
{Heap after GC invocations=13 (full 0):
 garbage-first heap   total 93184K, used 44782K [0x000000008ac00000, 0x0000000100000000)
  region size 1024K, 3 young (3072K), 3 survivors (3072K)
 Metaspace       used 30920K, committed 31296K, reserved 1114112K
  class space    used 3534K, committed 3712K, reserved 1048576K
}
Event: 20.601 GC heap before
{Heap before GC invocations=14 (full 0):
 garbage-first heap   total 93184K, used 53998K [0x000000008ac00000, 0x0000000100000000)
  region size 1024K, 11 young (11264K), 3 survivors (3072K)
 Metaspace       used 30980K, committed 31360K, reserved 1114112K
  class space    used 3540K, committed 3712K, reserved 1048576K
}
Event: 20.610 GC heap after
{Heap after GC invocations=15 (full 0):
 garbage-first heap   total 93184K, used 46252K [0x000000008ac00000, 0x0000000100000000)
  region size 1024K, 3 young (3072K), 3 survivors (3072K)
 Metaspace       used 30980K, committed 31360K, reserved 1114112K
  class space    used 3540K, committed 3712K, reserved 1048576K
}
Event: 21.524 GC heap before
{Heap before GC invocations=16 (full 0):
 garbage-first heap   total 93184K, used 74924K [0x000000008ac00000, 0x0000000100000000)
  region size 1024K, 29 young (29696K), 3 survivors (3072K)
 Metaspace       used 31099K, committed 31488K, reserved 1114112K
  class space    used 3543K, committed 3712K, reserved 1048576K
}
Event: 21.547 GC heap after
{Heap after GC invocations=17 (full 0):
 garbage-first heap   total 93184K, used 59910K [0x000000008ac00000, 0x0000000100000000)
  region size 1024K, 4 young (4096K), 4 survivors (4096K)
 Metaspace       used 31099K, committed 31488K, reserved 1114112K
  class space    used 3543K, committed 3712K, reserved 1048576K
}
Event: 21.572 GC heap before
{Heap before GC invocations=17 (full 0):
 garbage-first heap   total 93184K, used 60934K [0x000000008ac00000, 0x0000000100000000)
  region size 1024K, 5 young (5120K), 4 survivors (4096K)
 Metaspace       used 31100K, committed 31488K, reserved 1114112K
  class space    used 3543K, committed 3712K, reserved 1048576K
}

