# JRE version: Java(TM) SE Runtime Environment (17.0.12+8) (build 17.0.12+8-LTS-286)
# Java VM: Java HotSpot(TM) 64-Bit Server VM (17.0.12+8-LTS-286, mixed mode, sharing, tiered, compressed oops, compressed class ptrs, g1 gc, windows-amd64)
GC Precious Log:
 CPUs: 12 total, 12 available
 Memory: 7498M
 Large Page Support: Disabled
 NUMA Support: Disabled
 Compressed Oops: Enabled (32-bit)
 Heap Region Size: 1M
 Heap Min Capacity: 8M
 Heap Initial Capacity: 118M
 Heap Max Capacity: 1876M
 Pre-touch: Disabled
 Parallel Workers: 10
 Concurrent Workers: 3
 Concurrent Refinement Workers: 10
 Periodic GC: Disabled
Heap:
 garbage-first heap   total 120832K, used 46494K [0x000000008ac00000, 0x0000000100000000)
  region size 1024K, 43 young (44032K), 9 survivors (9216K)
 Metaspace       used 15864K, committed 16064K, reserved 1114112K
  class space    used 1862K, committed 1920K, reserved 1048576K
GC Heap History (6 events):
Event: 2.037 GC heap before
{Heap before GC invocations=0 (full 0):
 garbage-first heap   total 120832K, used 22528K [0x000000008ac00000, 0x0000000100000000)
  region size 1024K, 23 young (23552K), 0 survivors (0K)
 Metaspace       used 5437K, committed 5632K, reserved 1114112K
  class space    used 655K, committed 768K, reserved 1048576K
}
Event: 2.049 GC heap after
{Heap after GC invocations=1 (full 0):
 garbage-first heap   total 120832K, used 3808K [0x000000008ac00000, 0x0000000100000000)
  region size 1024K, 3 young (3072K), 3 survivors (3072K)
 Metaspace       used 5437K, committed 5632K, reserved 1114112K
  class space    used 655K, committed 768K, reserved 1048576K
}
Event: 4.141 GC heap before
{Heap before GC invocations=1 (full 0):
 garbage-first heap   total 120832K, used 33504K [0x000000008ac00000, 0x0000000100000000)
  region size 1024K, 32 young (32768K), 3 survivors (3072K)
 Metaspace       used 8941K, committed 9088K, reserved 1114112K
  class space    used 1085K, committed 1152K, reserved 1048576K
}
Event: 4.150 GC heap after
{Heap after GC invocations=2 (full 0):
 garbage-first heap   total 120832K, used 5388K [0x000000008ac00000, 0x0000000100000000)
  region size 1024K, 2 young (2048K), 2 survivors (2048K)
 Metaspace       used 8941K, committed 9088K, reserved 1114112K
  class space    used 1085K, committed 1152K, reserved 1048576K
}
Event: 8.830 GC heap before
{Heap before GC invocations=2 (full 0):
 garbage-first heap   total 120832K, used 72972K [0x000000008ac00000, 0x0000000100000000)
  region size 1024K, 68 young (69632K), 2 survivors (2048K)
 Metaspace       used 15530K, committed 15744K, reserved 1114112K
  class space    used 1858K, committed 1920K, reserved 1048576K
}
Event: 8.862 GC heap after
{Heap after GC invocations=3 (full 0):
 garbage-first heap   total 120832K, used 12702K [0x000000008ac00000, 0x0000000100000000)
  region size 1024K, 9 young (9216K), 9 survivors (9216K)
 Metaspace       used 15530K, committed 15744K, reserved 1114112K
  class space    used 1858K, committed 1920K, reserved 1048576K
}

